#   lp_lbin1ave_m3_hh1_c10ave_m2_hh1_c10ave_m_hh1_c10ave_v_hh1_c10ave_p_hh1_c10ave_p2_hh1_c10ave_p3_hh1_c10ave_m3_hh1_c21ave_m2_hh1_c21ave_m_hh1_c21ave_v_hh1_c21ave_p_hh1_c21ave_p2_hh1_c21ave_p3_hh1_c21ave_m3_hh1_ciiave_m2_hh1_ciiave_m_hh1_ciiave_v_hh1_ciiave_p_hh1_ciiave_p2_hh1_ciiave_p3_hh1_cii
#
           8         -12         -12         -12         -12      -2.987      -2.672      -2.419         -12         -12         -12         -12      -3.367      -3.053        -2.8         -12         -12         -12         -12      -3.539      -3.224      -2.971
         8.5         -12         -12         -12         -12      -2.987      -2.672      -2.419         -12         -12         -12         -12      -3.367      -3.053        -2.8         -12         -12         -12         -12      -3.539      -3.224      -2.971
           9      -3.606      -3.506      -3.316      -3.002      -2.631      -2.427      -2.246         -12         -12         -12         -12      -3.367      -3.053        -2.8      -6.238      -5.969      -5.349      -4.629       -3.49      -3.193      -2.951
         9.5      -5.664      -5.429       -4.84      -4.129      -2.943      -2.645      -2.401      -4.289      -4.248      -4.039      -3.543      -3.084      -2.858      -2.664         -12         -12         -12         -12      -3.539      -3.224      -2.971
          10         -12         -12         -12         -12      -2.987      -2.672      -2.419         -12         -12         -12         -12      -3.367      -3.053        -2.8         -12         -12         -12         -12      -3.539      -3.224      -2.971
        10.5         -12         -12         -12         -12      -2.987      -2.672      -2.419         -12         -12         -12         -12      -3.367      -3.053        -2.8         -12         -12         -12         -12      -3.539      -3.224      -2.971
          11         -12         -12         -12         -12      -2.987      -2.672      -2.419         -12         -12         -12         -12      -3.367      -3.053        -2.8         -12         -12         -12         -12      -3.539      -3.224      -2.971
        11.5         -12         -12         -12         -12      -2.987      -2.672      -2.419         -12         -12         -12         -12      -3.367      -3.053        -2.8         -12         -12         -12         -12      -3.539      -3.224      -2.971
          12         -12         -12         -12         -12      -2.987      -2.672      -2.419         -12         -12         -12         -12      -3.367      -3.053        -2.8         -12         -12         -12         -12      -3.539      -3.224      -2.971
#   lp_lbin2ave_m3_hh2_c10ave_m2_hh2_c10ave_m_hh2_c10ave_v_hh2_c10ave_p_hh2_c10ave_p2_hh2_c10ave_p3_hh2_c10ave_m3_hh2_c21ave_m2_hh2_c21ave_m_hh2_c21ave_v_hh2_c21ave_p_hh2_c21ave_p2_hh2_c21ave_p3_hh2_c21ave_m3_hh2_ciiave_m2_hh2_ciiave_m_hh2_ciiave_v_hh2_ciiave_p_hh2_ciiave_p2_hh2_ciiave_p3_hh2_cii
#
         8.1         -12         -12         -12         -12      -2.987      -2.672      -2.419         -12         -12         -12         -12      -3.367      -3.053        -2.8         -12         -12         -12         -12      -3.539      -3.224      -2.971
         8.6         -12         -12         -12         -12      -2.987      -2.672      -2.419         -12         -12         -12         -12      -3.367      -3.053        -2.8         -12         -12         -12         -12      -3.539      -3.224      -2.971
         9.1      -3.589      -3.478      -3.281       -2.97      -2.613      -2.413      -2.236         -12         -12         -12         -12      -3.367      -3.053        -2.8      -6.238      -5.969      -5.349      -4.629       -3.49      -3.193      -2.951
         9.6         -12         -12         -12         -12      -2.987      -2.672      -2.419      -4.289      -4.248      -4.039      -3.543      -3.084      -2.858      -2.664         -12         -12         -12         -12      -3.539      -3.224      -2.971
        10.1         -12         -12         -12         -12      -2.987      -2.672      -2.419         -12         -12         -12         -12      -3.367      -3.053        -2.8         -12         -12         -12         -12      -3.539      -3.224      -2.971
        10.6         -12         -12         -12         -12      -2.987      -2.672      -2.419         -12         -12         -12         -12      -3.367      -3.053        -2.8         -12         -12         -12         -12      -3.539      -3.224      -2.971
        11.1         -12         -12         -12         -12      -2.987      -2.672      -2.419         -12         -12         -12         -12      -3.367      -3.053        -2.8         -12         -12         -12         -12      -3.539      -3.224      -2.971
        11.6         -12         -12         -12         -12      -2.987      -2.672      -2.419         -12         -12         -12         -12      -3.367      -3.053        -2.8         -12         -12         -12         -12      -3.539      -3.224      -2.971
        12.1         -12         -12         -12         -12      -2.987      -2.672      -2.419         -12         -12         -12         -12      -3.367      -3.053        -2.8         -12         -12         -12         -12      -3.539      -3.224      -2.971
#   lp_lbin3ave_m3_hh3_c10ave_m2_hh3_c10ave_m_hh3_c10ave_v_hh3_c10ave_p_hh3_c10ave_p2_hh3_c10ave_p3_hh3_c10ave_m3_hh3_c21ave_m2_hh3_c21ave_m_hh3_c21ave_v_hh3_c21ave_p_hh3_c21ave_p2_hh3_c21ave_p3_hh3_c21ave_m3_hh3_ciiave_m2_hh3_ciiave_m_hh3_ciiave_v_hh3_ciiave_p_hh3_ciiave_p2_hh3_ciiave_p3_hh3_cii
#
         8.2         -12         -12         -12         -12      -2.987      -2.672      -2.419         -12         -12         -12         -12      -3.367      -3.053        -2.8         -12         -12         -12         -12      -3.539      -3.224      -2.971
         8.7      -3.844      -3.804      -3.667      -3.325      -2.782      -2.539      -2.329         -12         -12         -12         -12      -3.367      -3.053        -2.8         -12         -12         -12         -12      -3.539      -3.224      -2.971
         9.2      -4.032      -3.903      -3.642      -3.224      -2.734      -2.501        -2.3      -4.289      -4.248      -4.039      -3.543      -3.084      -2.858      -2.664      -6.238      -5.969      -5.349      -4.629       -3.49      -3.193      -2.951
         9.7         -12         -12         -12         -12      -2.987      -2.672      -2.419         -12         -12         -12         -12      -3.367      -3.053        -2.8         -12         -12         -12         -12      -3.539      -3.224      -2.971
        10.2         -12         -12         -12         -12      -2.987      -2.672      -2.419         -12         -12         -12         -12      -3.367      -3.053        -2.8         -12         -12         -12         -12      -3.539      -3.224      -2.971
        10.7         -12         -12         -12         -12      -2.987      -2.672      -2.419         -12         -12         -12         -12      -3.367      -3.053        -2.8         -12         -12         -12         -12      -3.539      -3.224      -2.971
        11.2         -12         -12         -12         -12      -2.987      -2.672      -2.419         -12         -12         -12         -12      -3.367      -3.053        -2.8         -12         -12         -12         -12      -3.539      -3.224      -2.971
        11.7         -12         -12         -12         -12      -2.987      -2.672      -2.419         -12         -12         -12         -12      -3.367      -3.053        -2.8         -12         -12         -12         -12      -3.539      -3.224      -2.971
        12.2         -12         -12         -12         -12      -2.987      -2.672      -2.419         -12         -12         -12         -12      -3.367      -3.053        -2.8         -12         -12         -12         -12      -3.539      -3.224      -2.971
#   lp_lbin4ave_m3_hh4_c10ave_m2_hh4_c10ave_m_hh4_c10ave_v_hh4_c10ave_p_hh4_c10ave_p2_hh4_c10ave_p3_hh4_c10ave_m3_hh4_c21ave_m2_hh4_c21ave_m_hh4_c21ave_v_hh4_c21ave_p_hh4_c21ave_p2_hh4_c21ave_p3_hh4_c21ave_m3_hh4_ciiave_m2_hh4_ciiave_m_hh4_ciiave_v_hh4_ciiave_p_hh4_ciiave_p2_hh4_ciiave_p3_hh4_cii
#
         8.3         -12         -12         -12         -12      -2.987      -2.672      -2.419         -12         -12         -12         -12      -3.367      -3.053        -2.8         -12         -12         -12         -12      -3.539      -3.224      -2.971
         8.8      -3.626      -3.542      -3.367      -3.051      -2.658      -2.448      -2.262         -12         -12         -12         -12      -3.367      -3.053        -2.8         -12         -12         -12         -12      -3.539      -3.224      -2.971
         9.3      -5.265      -4.958      -4.403      -3.744      -2.889      -2.608      -2.376      -4.289      -4.248      -4.039      -3.543      -3.084      -2.858      -2.664      -6.238      -5.969      -5.349      -4.629       -3.49      -3.193      -2.951
         9.8         -12         -12         -12         -12      -2.987      -2.672      -2.419         -12         -12         -12         -12      -3.367      -3.053        -2.8         -12         -12         -12         -12      -3.539      -3.224      -2.971
        10.3         -12         -12         -12         -12      -2.987      -2.672      -2.419         -12         -12         -12         -12      -3.367      -3.053        -2.8         -12         -12         -12         -12      -3.539      -3.224      -2.971
        10.8         -12         -12         -12         -12      -2.987      -2.672      -2.419         -12         -12         -12         -12      -3.367      -3.053        -2.8         -12         -12         -12         -12      -3.539      -3.224      -2.971
        11.3         -12         -12         -12         -12      -2.987      -2.672      -2.419         -12         -12         -12         -12      -3.367      -3.053        -2.8         -12         -12         -12         -12      -3.539      -3.224      -2.971
        11.8         -12         -12         -12         -12      -2.987      -2.672      -2.419         -12         -12         -12         -12      -3.367      -3.053        -2.8         -12         -12         -12         -12      -3.539      -3.224      -2.971
        12.3         -12         -12         -12         -12      -2.987      -2.672      -2.419         -12         -12         -12         -12      -3.367      -3.053        -2.8         -12         -12         -12         -12      -3.539      -3.224      -2.971
#   lp_lbin5ave_m3_hh5_c10ave_m2_hh5_c10ave_m_hh5_c10ave_v_hh5_c10ave_p_hh5_c10ave_p2_hh5_c10ave_p3_hh5_c10ave_m3_hh5_c21ave_m2_hh5_c21ave_m_hh5_c21ave_v_hh5_c21ave_p_hh5_c21ave_p2_hh5_c21ave_p3_hh5_c21ave_m3_hh5_ciiave_m2_hh5_ciiave_m_hh5_ciiave_v_hh5_ciiave_p_hh5_ciiave_p2_hh5_ciiave_p3_hh5_cii
#
         8.4         -12         -12         -12         -12      -2.987      -2.672      -2.419         -12         -12         -12         -12      -3.367      -3.053        -2.8         -12         -12         -12         -12      -3.539      -3.224      -2.971
         8.9      -3.626      -3.542      -3.367      -3.051      -2.658      -2.448      -2.262         -12         -12         -12         -12      -3.367      -3.053        -2.8         -12         -12         -12         -12      -3.539      -3.224      -2.971
         9.4      -5.265      -4.958      -4.403      -3.744      -2.889      -2.608      -2.376      -4.289      -4.248      -4.039      -3.543      -3.084      -2.858      -2.664      -6.238      -5.969      -5.349      -4.629       -3.49      -3.193      -2.951
         9.9         -12         -12         -12         -12      -2.987      -2.672      -2.419         -12         -12         -12         -12      -3.367      -3.053        -2.8         -12         -12         -12         -12      -3.539      -3.224      -2.971
        10.4         -12         -12         -12         -12      -2.987      -2.672      -2.419         -12         -12         -12         -12      -3.367      -3.053        -2.8         -12         -12         -12         -12      -3.539      -3.224      -2.971
        10.9         -12         -12         -12         -12      -2.987      -2.672      -2.419         -12         -12         -12         -12      -3.367      -3.053        -2.8         -12         -12         -12         -12      -3.539      -3.224      -2.971
        11.4         -12         -12         -12         -12      -2.987      -2.672      -2.419         -12         -12         -12         -12      -3.367      -3.053        -2.8         -12         -12         -12         -12      -3.539      -3.224      -2.971
        11.9         -12         -12         -12         -12      -2.987      -2.672      -2.419         -12         -12         -12         -12      -3.367      -3.053        -2.8         -12         -12         -12         -12      -3.539      -3.224      -2.971
        12.4         -12         -12         -12         -12      -2.987      -2.672      -2.419         -12         -12         -12         -12      -3.367      -3.053        -2.8         -12         -12         -12         -12      -3.539      -3.224      -2.971
